-- test -- DEBUG -- 20:28:01-0500-03-14-2025
-- info messages -- INFO -- 20:29:03-0500-03-14-2025
-- INFO: 20:30:22-0500-03-14-2025 --
-- -- info messages 
-- INFO: 20:30:48-0500-03-14-2025 --
-- -- info messages

-- INFO: 20:32:30-0500--03-14-2025 --
-- -- info messages

-- INFO: 20:32:52--03-14-2025 --
-- -- info messages

-- INFO: 20:33:11--03-14-2025...
-- -- info messages

-- INFO: 20:33:22--03-14-2025...
-- -- info messages

-- INFO: 20:36:14--03-14-2025...
-- -- info messages

-- INFO: 20:52:45--03-14-2025...
-- -- info messages

-- INFO: 20:53:00--03-14-2025...
-- -- info messages

10:30:59--03-15-2025 - INFO: hello
10:30:59--03-15-2025 - DEBUG: Starting new HTTPS connection (1): stats.nba.com:443
10:30:59--03-15-2025 - DEBUG: https://stats.nba.com:443 "GET /stats/leaguegamefinder?Conference=&DateFrom=03%2F14%2F2025&DateTo=03%2F14%2F2025&Division=&DraftNumber=&DraftRound=&DraftTeamID=&DraftYear=&EqAST=&EqBLK=&EqDD=&EqDREB=&EqFG3A=&EqFG3M=&EqFG3_PCT=&EqFGA=&EqFGM=&EqFG_PCT=&EqFTA=&EqFTM=&EqFT_PCT=&EqMINUTES=&EqOREB=&EqPF=&EqPTS=&EqREB=&EqSTL=&EqTD=&EqTOV=&GameID=&GtAST=&GtBLK=&GtDD=&GtDREB=&GtFG3A=&GtFG3M=&GtFG3_PCT=&GtFGA=&GtFGM=&GtFG_PCT=&GtFTA=&GtFTM=&GtFT_PCT=&GtMINUTES=&GtOREB=&GtPF=&GtPTS=&GtREB=&GtSTL=&GtTD=&GtTOV=&LeagueID=00&Location=&LtAST=&LtBLK=&LtDD=&LtDREB=&LtFG3A=&LtFG3M=&LtFG3_PCT=&LtFGA=&LtFGM=&LtFG_PCT=&LtFTA=&LtFTM=&LtFT_PCT=&LtMINUTES=&LtOREB=&LtPF=&LtPTS=&LtREB=&LtSTL=&LtTD=&LtTOV=&Outcome=&PORound=&PlayerID=&PlayerOrTeam=P&RookieYear=&Season=&SeasonSegment=&SeasonType=&StarterBench=&TeamID=&VsConference=&VsDivision=&VsTeamID=&YearsExperience= HTTP/1.1" 200 9076
10:30:59--03-15-2025 - INFO: Fetched game logs
10:33:40--03-15-2025 - INFO: hello
10:33:40--03-15-2025 - DEBUG: Starting new HTTPS connection (1): stats.nba.com:443
10:33:41--03-15-2025 - DEBUG: https://stats.nba.com:443 "GET /stats/leaguegamefinder?Conference=&DateFrom=03%2F14%2F2025&DateTo=03%2F14%2F2025&Division=&DraftNumber=&DraftRound=&DraftTeamID=&DraftYear=&EqAST=&EqBLK=&EqDD=&EqDREB=&EqFG3A=&EqFG3M=&EqFG3_PCT=&EqFGA=&EqFGM=&EqFG_PCT=&EqFTA=&EqFTM=&EqFT_PCT=&EqMINUTES=&EqOREB=&EqPF=&EqPTS=&EqREB=&EqSTL=&EqTD=&EqTOV=&GameID=&GtAST=&GtBLK=&GtDD=&GtDREB=&GtFG3A=&GtFG3M=&GtFG3_PCT=&GtFGA=&GtFGM=&GtFG_PCT=&GtFTA=&GtFTM=&GtFT_PCT=&GtMINUTES=&GtOREB=&GtPF=&GtPTS=&GtREB=&GtSTL=&GtTD=&GtTOV=&LeagueID=00&Location=&LtAST=&LtBLK=&LtDD=&LtDREB=&LtFG3A=&LtFG3M=&LtFG3_PCT=&LtFGA=&LtFGM=&LtFG_PCT=&LtFTA=&LtFTM=&LtFT_PCT=&LtMINUTES=&LtOREB=&LtPF=&LtPTS=&LtREB=&LtSTL=&LtTD=&LtTOV=&Outcome=&PORound=&PlayerID=&PlayerOrTeam=P&RookieYear=&Season=&SeasonSegment=&SeasonType=&StarterBench=&TeamID=&VsConference=&VsDivision=&VsTeamID=&YearsExperience= HTTP/1.1" 200 9076
10:33:41--03-15-2025 - INFO: Fetched game logs
-- INFO - 10:35:34--03-15-2025:
-- -- hello
-- DEBUG - 10:35:34--03-15-2025:
-- -- Starting new HTTPS connection (1): stats.nba.com:443
-- DEBUG - 10:35:34--03-15-2025:
-- -- https://stats.nba.com:443 "GET /stats/leaguegamefinder?Conference=&DateFrom=03%2F14%2F2025&DateTo=03%2F14%2F2025&Division=&DraftNumber=&DraftRound=&DraftTeamID=&DraftYear=&EqAST=&EqBLK=&EqDD=&EqDREB=&EqFG3A=&EqFG3M=&EqFG3_PCT=&EqFGA=&EqFGM=&EqFG_PCT=&EqFTA=&EqFTM=&EqFT_PCT=&EqMINUTES=&EqOREB=&EqPF=&EqPTS=&EqREB=&EqSTL=&EqTD=&EqTOV=&GameID=&GtAST=&GtBLK=&GtDD=&GtDREB=&GtFG3A=&GtFG3M=&GtFG3_PCT=&GtFGA=&GtFGM=&GtFG_PCT=&GtFTA=&GtFTM=&GtFT_PCT=&GtMINUTES=&GtOREB=&GtPF=&GtPTS=&GtREB=&GtSTL=&GtTD=&GtTOV=&LeagueID=00&Location=&LtAST=&LtBLK=&LtDD=&LtDREB=&LtFG3A=&LtFG3M=&LtFG3_PCT=&LtFGA=&LtFGM=&LtFG_PCT=&LtFTA=&LtFTM=&LtFT_PCT=&LtMINUTES=&LtOREB=&LtPF=&LtPTS=&LtREB=&LtSTL=&LtTD=&LtTOV=&Outcome=&PORound=&PlayerID=&PlayerOrTeam=P&RookieYear=&Season=&SeasonSegment=&SeasonType=&StarterBench=&TeamID=&VsConference=&VsDivision=&VsTeamID=&YearsExperience= HTTP/1.1" 200 9076
-- INFO - 10:35:34--03-15-2025:
-- -- Fetched game logs
-- INFO - 10:35:59--03-15-2025:
-- -- hello

-- DEBUG - 10:35:59--03-15-2025:
-- -- Starting new HTTPS connection (1): stats.nba.com:443

-- DEBUG - 10:35:59--03-15-2025:
-- -- https://stats.nba.com:443 "GET /stats/leaguegamefinder?Conference=&DateFrom=03%2F14%2F2025&DateTo=03%2F14%2F2025&Division=&DraftNumber=&DraftRound=&DraftTeamID=&DraftYear=&EqAST=&EqBLK=&EqDD=&EqDREB=&EqFG3A=&EqFG3M=&EqFG3_PCT=&EqFGA=&EqFGM=&EqFG_PCT=&EqFTA=&EqFTM=&EqFT_PCT=&EqMINUTES=&EqOREB=&EqPF=&EqPTS=&EqREB=&EqSTL=&EqTD=&EqTOV=&GameID=&GtAST=&GtBLK=&GtDD=&GtDREB=&GtFG3A=&GtFG3M=&GtFG3_PCT=&GtFGA=&GtFGM=&GtFG_PCT=&GtFTA=&GtFTM=&GtFT_PCT=&GtMINUTES=&GtOREB=&GtPF=&GtPTS=&GtREB=&GtSTL=&GtTD=&GtTOV=&LeagueID=00&Location=&LtAST=&LtBLK=&LtDD=&LtDREB=&LtFG3A=&LtFG3M=&LtFG3_PCT=&LtFGA=&LtFGM=&LtFG_PCT=&LtFTA=&LtFTM=&LtFT_PCT=&LtMINUTES=&LtOREB=&LtPF=&LtPTS=&LtREB=&LtSTL=&LtTD=&LtTOV=&Outcome=&PORound=&PlayerID=&PlayerOrTeam=P&RookieYear=&Season=&SeasonSegment=&SeasonType=&StarterBench=&TeamID=&VsConference=&VsDivision=&VsTeamID=&YearsExperience= HTTP/1.1" 200 9076

-- INFO - 10:35:59--03-15-2025:
-- -- Fetched game logs

