-- INFO - 18:34:32--03-15-2025:
-- -- LOG STARTED ======================================================

-- DEBUG - 18:34:32--03-15-2025:
-- -- Starting new HTTPS connection (1): stats.nba.com:443

-- DEBUG - 18:34:33--03-15-2025:
-- -- https://stats.nba.com:443 "GET /stats/leaguegamefinder?Conference=&DateFrom=12%2F14%2F2024&DateTo=12%2F14%2F2024&Division=&DraftNumber=&DraftRound=&DraftTeamID=&DraftYear=&EqAST=&EqBLK=&EqDD=&EqDREB=&EqFG3A=&EqFG3M=&EqFG3_PCT=&EqFGA=&EqFGM=&EqFG_PCT=&EqFTA=&EqFTM=&EqFT_PCT=&EqMINUTES=&EqOREB=&EqPF=&EqPTS=&EqREB=&EqSTL=&EqTD=&EqTOV=&GameID=&GtAST=&GtBLK=&GtDD=&GtDREB=&GtFG3A=&GtFG3M=&GtFG3_PCT=&GtFGA=&GtFGM=&GtFG_PCT=&GtFTA=&GtFTM=&GtFT_PCT=&GtMINUTES=&GtOREB=&GtPF=&GtPTS=&GtREB=&GtSTL=&GtTD=&GtTOV=&LeagueID=00&Location=&LtAST=&LtBLK=&LtDD=&LtDREB=&LtFG3A=&LtFG3M=&LtFG3_PCT=&LtFGA=&LtFGM=&LtFG_PCT=&LtFTA=&LtFTM=&LtFT_PCT=&LtMINUTES=&LtOREB=&LtPF=&LtPTS=&LtREB=&LtSTL=&LtTD=&LtTOV=&Outcome=&PORound=&PlayerID=&PlayerOrTeam=P&RookieYear=&Season=&SeasonSegment=&SeasonType=&StarterBench=&TeamID=&VsConference=&VsDivision=&VsTeamID=&YearsExperience= HTTP/1.1" 200 2192

-- INFO - 18:34:33--03-15-2025:
-- -- Fetched 37 game logs from 12/14/2024

-- INFO - 18:34:33--03-15-2025:
-- -- Cleaning and transforming 37 game logs for insert

-- DEBUG - 18:34:33--03-15-2025:
-- -- Insert statement generated: insert ignore into active_players (player_id, player_name, team_id) values (%s, %s, %s);

-- DEBUG - 18:34:33--03-15-2025:
-- -- Database connection successful: <mariadb.connection connected to 'pi-jdeto' at 000001BABFCB7750>

-- DEBUG - 18:34:33--03-15-2025:
-- -- Records in active_players before insert: 629

-- DEBUG - 18:34:33--03-15-2025:
-- -- Inserts executed successfully!

-- INFO - 18:34:33--03-15-2025:
-- -- Insert function executed successfully, but no new records were inserted into active_players

-- DEBUG - 18:34:33--03-15-2025:
-- -- Database connection closed

-- DEBUG - 18:34:33--03-15-2025:
-- -- Insert statement generated: insert ignore into active_teams (team_id, team, team_name) values (%s, %s, %s);

-- DEBUG - 18:34:33--03-15-2025:
-- -- Database connection successful: <mariadb.connection connected to 'pi-jdeto' at 000001BABFCB7610>

-- DEBUG - 18:34:33--03-15-2025:
-- -- Records in active_teams before insert: 30

-- DEBUG - 18:34:33--03-15-2025:
-- -- Inserts executed successfully!

-- INFO - 18:34:33--03-15-2025:
-- -- Insert function executed successfully, but no new records were inserted into active_teams

-- DEBUG - 18:34:33--03-15-2025:
-- -- Database connection closed

-- DEBUG - 18:34:33--03-15-2025:
-- -- Insert statement generated: insert ignore into game (game_id, season_id, game_date, matchup, game_type, ot_ind, final_score) values (%s, %s, %s, %s, %s, %s, %s);

-- DEBUG - 18:34:33--03-15-2025:
-- -- Database connection successful: <mariadb.connection connected to 'pi-jdeto' at 000001BABFCB7750>

-- DEBUG - 18:34:33--03-15-2025:
-- -- Records in game before insert: 991

-- DEBUG - 18:34:33--03-15-2025:
-- -- Inserts executed successfully!

-- INFO - 18:34:33--03-15-2025:
-- -- Insert function executed successfully, but no new records were inserted into game

-- DEBUG - 18:34:33--03-15-2025:
-- -- Database connection closed

-- DEBUG - 18:34:33--03-15-2025:
-- -- Insert statement generated: insert ignore into player_box (game_id, player_id, team_id, mins, pts, ast, reb, stl, blk, oreb, dreb, tov, pf) values (%s, %s, %s, %s, %s, %s, %s, %s, %s, %s, %s, %s, %s);

-- DEBUG - 18:34:33--03-15-2025:
-- -- Database connection successful: <mariadb.connection connected to 'pi-jdeto' at 000001BABFCB7610>

-- DEBUG - 18:34:33--03-15-2025:
-- -- Records in player_box before insert: 21244

-- DEBUG - 18:34:33--03-15-2025:
-- -- Inserts executed successfully!

-- INFO - 18:34:33--03-15-2025:
-- -- Insert function executed successfully, but no new records were inserted into player_box

-- DEBUG - 18:34:33--03-15-2025:
-- -- Database connection closed

-- DEBUG - 18:34:33--03-15-2025:
-- -- Insert statement generated: insert ignore into player_shooting (game_id, player_id, team_id, fgm, fga, fg3m, fg3a, ftm, fta, fg_pct, fg3_pct, ft_pct) values (%s, %s, %s, %s, %s, %s, %s, %s, %s, %s, %s, %s);

-- DEBUG - 18:34:33--03-15-2025:
-- -- Database connection successful: <mariadb.connection connected to 'pi-jdeto' at 000001BABFCB7750>

-- DEBUG - 18:34:33--03-15-2025:
-- -- Records in player_shooting before insert: 21244

-- DEBUG - 18:34:33--03-15-2025:
-- -- Inserts executed successfully!

-- INFO - 18:34:33--03-15-2025:
-- -- Insert function executed successfully, but no new records were inserted into player_shooting

-- DEBUG - 18:34:33--03-15-2025:
-- -- Database connection closed

-- DEBUG - 18:34:33--03-15-2025:
-- -- Insert statement generated: insert ignore into team_box (game_id, team_id, mins, pts, ast, reb, stl, blk, oreb, dreb, tov, pf) values (%s, %s, %s, %s, %s, %s, %s, %s, %s, %s, %s, %s);

-- DEBUG - 18:34:33--03-15-2025:
-- -- Database connection successful: <mariadb.connection connected to 'pi-jdeto' at 000001BABFCB7610>

-- DEBUG - 18:34:33--03-15-2025:
-- -- Records in team_box before insert: 1982

-- DEBUG - 18:34:33--03-15-2025:
-- -- Inserts executed successfully!

-- INFO - 18:34:33--03-15-2025:
-- -- Insert function executed successfully, but no new records were inserted into team_box

-- DEBUG - 18:34:33--03-15-2025:
-- -- Database connection closed

-- DEBUG - 18:34:33--03-15-2025:
-- -- Insert statement generated: insert ignore into team_shooting (game_id, team_id, fgm, fga, fg3m, fg3a, ftm, fta, fg_pct, fg3_pct, ft_pct) values (%s, %s, %s, %s, %s, %s, %s, %s, %s, %s, %s);

-- DEBUG - 18:34:33--03-15-2025:
-- -- Database connection successful: <mariadb.connection connected to 'pi-jdeto' at 000001BABFCB7750>

-- DEBUG - 18:34:33--03-15-2025:
-- -- Records in team_shooting before insert: 1994

-- DEBUG - 18:34:33--03-15-2025:
-- -- Inserts executed successfully!

-- INFO - 18:34:33--03-15-2025:
-- -- Insert function executed successfully, but no new records were inserted into team_shooting

-- DEBUG - 18:34:33--03-15-2025:
-- -- Database connection closed

-- DEBUG - 18:34:33--03-15-2025:
-- -- Insert statement generated: insert ignore into team_gamelog (game_id, team_id, win_ind, home_ind) values (%s, %s, %s, %s);

-- DEBUG - 18:34:33--03-15-2025:
-- -- Database connection successful: <mariadb.connection connected to 'pi-jdeto' at 000001BABFCB7610>

-- DEBUG - 18:34:33--03-15-2025:
-- -- Records in team_gamelog before insert: 1982

-- DEBUG - 18:34:33--03-15-2025:
-- -- Inserts executed successfully!

-- INFO - 18:34:33--03-15-2025:
-- -- Insert function executed successfully, but no new records were inserted into team_gamelog

-- DEBUG - 18:34:33--03-15-2025:
-- -- Database connection closed

-- INFO - 18:34:33--03-15-2025:
-- -- ETL complete for 12/14/2024

-- DEBUG - 18:34:33--03-15-2025:
-- -- Delaying for 60 seconds...

-- INFO - 18:34:33--03-15-2025:
-- -- LOG COMPLETE =======================================================

