-- INFO - 16:33:17--03-15-2025:
-- -- LOG STARTED ======================================================

-- INFO - 16:33:17--03-15-2025:
-- -- Fetched 216 game logs from 03/14/2025

-- INFO - 16:33:17--03-15-2025:
-- -- Cleaning and transforming 216 game logs for insert

-- INFO - 16:33:18--03-15-2025:
-- -- Insert function executed successfully, but no new records were inserted into active_players

-- INFO - 16:33:18--03-15-2025:
-- -- Insert function executed successfully, but no new records were inserted into active_teams

-- INFO - 16:33:18--03-15-2025:
-- -- Insert function executed successfully, but no new records were inserted into game

-- INFO - 16:33:19--03-15-2025:
-- -- Insert function executed successfully, but no new records were inserted into player_box

-- INFO - 16:33:19--03-15-2025:
-- -- Insert function executed successfully, but no new records were inserted into player_shooting

-- INFO - 16:33:19--03-15-2025:
-- -- Insert function executed successfully, but no new records were inserted into team_box

-- INFO - 16:33:19--03-15-2025:
-- -- Insert function executed successfully, but no new records were inserted into team_shooting

-- INFO - 16:33:19--03-15-2025:
-- -- Insert function executed successfully, but no new records were inserted into team_gamelog

-- INFO - 16:33:22--03-15-2025:
-- -- LOG COMPLETE =======================================================

