-- INFO - 18:19:37--03-15-2025:
-- -- LOG STARTED ======================================================

-- INFO - 18:19:37--03-15-2025:
-- -- Fetched 37 game logs from 12/14/2024

-- INFO - 18:19:37--03-15-2025:
-- -- Cleaning and transforming 37 game logs for insert

-- INFO - 18:19:37--03-15-2025:
-- -- Insert function executed successfully, but no new records were inserted into active_players

-- INFO - 18:19:37--03-15-2025:
-- -- Insert function executed successfully, but no new records were inserted into active_teams

-- INFO - 18:19:37--03-15-2025:
-- -- Insert function executed successfully, but no new records were inserted into game

-- INFO - 18:19:37--03-15-2025:
-- -- Insert function executed successfully, but no new records were inserted into player_box

-- INFO - 18:19:38--03-15-2025:
-- -- Insert function executed successfully, but no new records were inserted into player_shooting

-- INFO - 18:19:38--03-15-2025:
-- -- Insert function executed successfully, but no new records were inserted into team_box

-- INFO - 18:19:38--03-15-2025:
-- -- Insert function executed successfully, but no new records were inserted into team_shooting

-- INFO - 18:19:38--03-15-2025:
-- -- Insert function executed successfully, but no new records were inserted into team_gamelog

-- INFO - 18:19:38--03-15-2025:
-- -- ETL complete for 12/14/2024

-- INFO - 18:19:38--03-15-2025:
-- -- LOG COMPLETE =======================================================

