-- INFO - 16:52:10--03-15-2025:
-- -- LOG STARTED ======================================================

-- INFO - 16:52:10--03-15-2025:
-- -- Fetched 216 game logs from 03/14/2025

-- INFO - 16:52:10--03-15-2025:
-- -- Cleaning and transforming 216 game logs for insert

-- INFO - 16:52:11--03-15-2025:
-- -- Insert function executed successfully, but no new records were inserted into active_players

-- INFO - 16:52:11--03-15-2025:
-- -- Insert function executed successfully, but no new records were inserted into active_teams

-- INFO - 16:52:11--03-15-2025:
-- -- Insert function executed successfully, but no new records were inserted into game

-- INFO - 16:52:12--03-15-2025:
-- -- Insert function executed successfully, but no new records were inserted into player_box

-- INFO - 16:52:12--03-15-2025:
-- -- Insert function executed successfully, but no new records were inserted into player_shooting

-- INFO - 16:52:12--03-15-2025:
-- -- Insert function executed successfully, but no new records were inserted into team_box

-- INFO - 16:52:12--03-15-2025:
-- -- Insert function executed successfully, but no new records were inserted into team_shooting

-- INFO - 16:52:12--03-15-2025:
-- -- Insert function executed successfully, but no new records were inserted into team_gamelog

-- INFO - 16:53:12--03-15-2025:
-- -- Fetched 112 game logs from 03/13/2025

-- INFO - 16:53:12--03-15-2025:
-- -- Cleaning and transforming 112 game logs for insert

-- INFO - 16:53:12--03-15-2025:
-- -- Insert function executed successfully, but no new records were inserted into active_players

-- INFO - 16:53:13--03-15-2025:
-- -- Insert function executed successfully, but no new records were inserted into active_teams

-- INFO - 16:53:13--03-15-2025:
-- -- Insert function executed successfully, but no new records were inserted into game

-- INFO - 16:53:13--03-15-2025:
-- -- Insert function executed successfully, but no new records were inserted into player_box

-- INFO - 16:53:13--03-15-2025:
-- -- Insert function executed successfully, but no new records were inserted into player_shooting

-- INFO - 16:53:13--03-15-2025:
-- -- Insert function executed successfully, but no new records were inserted into team_box

-- INFO - 16:53:13--03-15-2025:
-- -- Insert function executed successfully, but no new records were inserted into team_shooting

-- INFO - 16:53:13--03-15-2025:
-- -- Insert function executed successfully, but no new records were inserted into team_gamelog

-- INFO - 16:53:16--03-15-2025:
-- -- Fetched 187 game logs from 03/12/2025

-- INFO - 16:53:16--03-15-2025:
-- -- Cleaning and transforming 187 game logs for insert

-- INFO - 16:53:16--03-15-2025:
-- -- Insert function executed successfully, but no new records were inserted into active_players

-- INFO - 16:53:17--03-15-2025:
-- -- Insert function executed successfully, but no new records were inserted into active_teams

-- INFO - 16:53:17--03-15-2025:
-- -- Insert function executed successfully, but no new records were inserted into game

-- INFO - 16:53:17--03-15-2025:
-- -- Insert function executed successfully, but no new records were inserted into player_box

-- INFO - 16:53:17--03-15-2025:
-- -- Insert function executed successfully, but no new records were inserted into player_shooting

-- INFO - 16:53:17--03-15-2025:
-- -- Insert function executed successfully, but no new records were inserted into team_box

-- INFO - 16:53:17--03-15-2025:
-- -- Insert function executed successfully, but no new records were inserted into team_shooting

-- INFO - 16:53:17--03-15-2025:
-- -- Insert function executed successfully, but no new records were inserted into team_gamelog

-- INFO - 16:53:21--03-15-2025:
-- -- Fetched 82 game logs from 03/11/2025

-- INFO - 16:53:21--03-15-2025:
-- -- Cleaning and transforming 82 game logs for insert

-- INFO - 16:53:21--03-15-2025:
-- -- Insert function executed successfully, but no new records were inserted into active_players

-- INFO - 16:53:21--03-15-2025:
-- -- Insert function executed successfully, but no new records were inserted into active_teams

-- INFO - 16:53:21--03-15-2025:
-- -- Insert function executed successfully, but no new records were inserted into game

-- INFO - 16:53:21--03-15-2025:
-- -- Insert function executed successfully, but no new records were inserted into player_box

-- INFO - 16:53:22--03-15-2025:
-- -- Committed insert of 82 new records into player_shooting -- 597 records now exist in table

-- INFO - 16:53:22--03-15-2025:
-- -- Committed insert of 8 new records into team_box -- 56 records now exist in table

-- INFO - 16:53:22--03-15-2025:
-- -- Committed insert of 8 new records into team_shooting -- 56 records now exist in table

-- INFO - 16:53:22--03-15-2025:
-- -- Committed insert of 8 new records into team_gamelog -- 56 records now exist in table

-- INFO - 16:53:25--03-15-2025:
-- -- Fetched 255 game logs from 03/10/2025

-- INFO - 16:53:25--03-15-2025:
-- -- Cleaning and transforming 255 game logs for insert

-- INFO - 16:53:26--03-15-2025:
-- -- Insert function executed successfully, but no new records were inserted into active_players

-- INFO - 16:53:26--03-15-2025:
-- -- Insert function executed successfully, but no new records were inserted into active_teams

-- INFO - 16:53:26--03-15-2025:
-- -- Insert function executed successfully, but no new records were inserted into game

-- INFO - 16:53:26--03-15-2025:
-- -- Insert function executed successfully, but no new records were inserted into player_box

-- INFO - 16:53:27--03-15-2025:
-- -- Committed insert of 255 new records into player_shooting -- 852 records now exist in table

-- INFO - 16:53:27--03-15-2025:
-- -- Committed insert of 24 new records into team_box -- 80 records now exist in table

-- INFO - 16:53:27--03-15-2025:
-- -- Committed insert of 24 new records into team_shooting -- 80 records now exist in table

-- INFO - 16:53:27--03-15-2025:
-- -- Committed insert of 24 new records into team_gamelog -- 80 records now exist in table

-- INFO - 16:53:30--03-15-2025:
-- -- Fetched 175 game logs from 03/09/2025

-- INFO - 16:53:30--03-15-2025:
-- -- Cleaning and transforming 175 game logs for insert

-- INFO - 16:53:31--03-15-2025:
-- -- Insert function executed successfully, but no new records were inserted into active_players

-- INFO - 16:53:31--03-15-2025:
-- -- Insert function executed successfully, but no new records were inserted into active_teams

-- INFO - 16:53:31--03-15-2025:
-- -- Insert function executed successfully, but no new records were inserted into game

-- INFO - 16:53:31--03-15-2025:
-- -- Insert function executed successfully, but no new records were inserted into player_box

-- INFO - 16:53:32--03-15-2025:
-- -- Committed insert of 175 new records into player_shooting -- 1027 records now exist in table

-- INFO - 16:53:32--03-15-2025:
-- -- Committed insert of 16 new records into team_box -- 96 records now exist in table

-- INFO - 16:53:32--03-15-2025:
-- -- Committed insert of 16 new records into team_shooting -- 96 records now exist in table

-- INFO - 16:53:32--03-15-2025:
-- -- Committed insert of 16 new records into team_gamelog -- 96 records now exist in table

-- INFO - 16:53:35--03-15-2025:
-- -- Fetched 159 game logs from 03/08/2025

-- INFO - 16:53:35--03-15-2025:
-- -- Cleaning and transforming 159 game logs for insert

-- INFO - 16:53:35--03-15-2025:
-- -- Insert function executed successfully, but no new records were inserted into active_players

-- INFO - 16:53:35--03-15-2025:
-- -- Insert function executed successfully, but no new records were inserted into active_teams

-- INFO - 16:53:35--03-15-2025:
-- -- Insert function executed successfully, but no new records were inserted into game

-- INFO - 16:53:36--03-15-2025:
-- -- Insert function executed successfully, but no new records were inserted into player_box

-- INFO - 16:53:36--03-15-2025:
-- -- Committed insert of 159 new records into player_shooting -- 1186 records now exist in table

-- INFO - 16:53:36--03-15-2025:
-- -- Committed insert of 16 new records into team_box -- 112 records now exist in table

-- INFO - 16:53:36--03-15-2025:
-- -- Committed insert of 16 new records into team_shooting -- 112 records now exist in table

-- INFO - 16:53:36--03-15-2025:
-- -- Committed insert of 16 new records into team_gamelog -- 112 records now exist in table

-- INFO - 16:53:39--03-15-2025:
-- -- Fetched 163 game logs from 03/07/2025

-- INFO - 16:53:39--03-15-2025:
-- -- Cleaning and transforming 163 game logs for insert

-- INFO - 16:53:39--03-15-2025:
-- -- Insert function executed successfully, but no new records were inserted into active_players

-- INFO - 16:53:40--03-15-2025:
-- -- Insert function executed successfully, but no new records were inserted into active_teams

-- INFO - 16:53:40--03-15-2025:
-- -- Insert function executed successfully, but no new records were inserted into game

-- INFO - 16:53:40--03-15-2025:
-- -- Insert function executed successfully, but no new records were inserted into player_box

-- INFO - 16:53:40--03-15-2025:
-- -- Committed insert of 163 new records into player_shooting -- 1349 records now exist in table

-- INFO - 16:53:40--03-15-2025:
-- -- Committed insert of 16 new records into team_box -- 128 records now exist in table

-- INFO - 16:53:40--03-15-2025:
-- -- Committed insert of 16 new records into team_shooting -- 128 records now exist in table

-- INFO - 16:53:40--03-15-2025:
-- -- Committed insert of 16 new records into team_gamelog -- 128 records now exist in table

-- INFO - 16:53:44--03-15-2025:
-- -- Fetched 119 game logs from 03/06/2025

-- INFO - 16:53:44--03-15-2025:
-- -- Cleaning and transforming 119 game logs for insert

-- INFO - 16:53:44--03-15-2025:
-- -- Insert function executed successfully, but no new records were inserted into active_players

-- INFO - 16:53:44--03-15-2025:
-- -- Insert function executed successfully, but no new records were inserted into active_teams

-- INFO - 16:53:44--03-15-2025:
-- -- Insert function executed successfully, but no new records were inserted into game

-- INFO - 16:53:44--03-15-2025:
-- -- Insert function executed successfully, but no new records were inserted into player_box

-- INFO - 16:53:45--03-15-2025:
-- -- Committed insert of 119 new records into player_shooting -- 1468 records now exist in table

-- INFO - 16:53:45--03-15-2025:
-- -- Committed insert of 12 new records into team_box -- 140 records now exist in table

-- INFO - 16:53:45--03-15-2025:
-- -- Committed insert of 12 new records into team_shooting -- 140 records now exist in table

-- INFO - 16:53:45--03-15-2025:
-- -- Committed insert of 12 new records into team_gamelog -- 140 records now exist in table

-- INFO - 16:53:48--03-15-2025:
-- -- Fetched 157 game logs from 03/05/2025

-- INFO - 16:53:48--03-15-2025:
-- -- Cleaning and transforming 157 game logs for insert

-- INFO - 16:53:48--03-15-2025:
-- -- Insert function executed successfully, but no new records were inserted into active_players

-- INFO - 16:53:49--03-15-2025:
-- -- Insert function executed successfully, but no new records were inserted into active_teams

-- INFO - 16:53:49--03-15-2025:
-- -- Committed insert of 8 new records into game -- 78 records now exist in table

-- INFO - 16:53:49--03-15-2025:
-- -- Committed insert of 157 new records into player_box -- 1625 records now exist in table

-- INFO - 16:53:49--03-15-2025:
-- -- Committed insert of 157 new records into player_shooting -- 1625 records now exist in table

-- INFO - 16:53:49--03-15-2025:
-- -- Committed insert of 16 new records into team_box -- 156 records now exist in table

-- INFO - 16:53:49--03-15-2025:
-- -- Committed insert of 16 new records into team_shooting -- 156 records now exist in table

-- INFO - 16:53:49--03-15-2025:
-- -- Committed insert of 16 new records into team_gamelog -- 156 records now exist in table

-- INFO - 16:53:52--03-15-2025:
-- -- Fetched 196 game logs from 03/04/2025

-- INFO - 16:53:52--03-15-2025:
-- -- Cleaning and transforming 196 game logs for insert

-- INFO - 16:53:53--03-15-2025:
-- -- Insert function executed successfully, but no new records were inserted into active_players

-- INFO - 16:53:53--03-15-2025:
-- -- Insert function executed successfully, but no new records were inserted into active_teams

-- INFO - 16:53:53--03-15-2025:
-- -- Committed insert of 9 new records into game -- 87 records now exist in table

-- INFO - 16:53:53--03-15-2025:
-- -- Committed insert of 196 new records into player_box -- 1821 records now exist in table

-- INFO - 16:53:54--03-15-2025:
-- -- Committed insert of 196 new records into player_shooting -- 1821 records now exist in table

-- INFO - 16:53:54--03-15-2025:
-- -- Committed insert of 18 new records into team_box -- 174 records now exist in table

-- INFO - 16:53:54--03-15-2025:
-- -- Committed insert of 18 new records into team_shooting -- 174 records now exist in table

-- INFO - 16:53:54--03-15-2025:
-- -- Committed insert of 18 new records into team_gamelog -- 174 records now exist in table

-- INFO - 16:54:14--03-15-2025:
-- -- Fetched 157 game logs from 03/03/2025

-- INFO - 16:54:14--03-15-2025:
-- -- Cleaning and transforming 157 game logs for insert

-- INFO - 16:54:14--03-15-2025:
-- -- Insert function executed successfully, but no new records were inserted into active_players

-- INFO - 16:54:15--03-15-2025:
-- -- Insert function executed successfully, but no new records were inserted into active_teams

-- INFO - 16:54:15--03-15-2025:
-- -- Committed insert of 7 new records into game -- 94 records now exist in table

-- INFO - 16:54:15--03-15-2025:
-- -- Committed insert of 157 new records into player_box -- 1978 records now exist in table

-- INFO - 16:54:15--03-15-2025:
-- -- Committed insert of 157 new records into player_shooting -- 1978 records now exist in table

-- INFO - 16:54:15--03-15-2025:
-- -- Committed insert of 14 new records into team_box -- 188 records now exist in table

-- INFO - 16:54:15--03-15-2025:
-- -- Committed insert of 14 new records into team_shooting -- 188 records now exist in table

-- INFO - 16:54:15--03-15-2025:
-- -- Committed insert of 14 new records into team_gamelog -- 188 records now exist in table

-- INFO - 16:54:19--03-15-2025:
-- -- Fetched 193 game logs from 03/02/2025

-- INFO - 16:54:19--03-15-2025:
-- -- Cleaning and transforming 193 game logs for insert

-- INFO - 16:54:19--03-15-2025:
-- -- Insert function executed successfully, but no new records were inserted into active_players

-- INFO - 16:54:19--03-15-2025:
-- -- Insert function executed successfully, but no new records were inserted into active_teams

-- INFO - 16:54:19--03-15-2025:
-- -- Committed insert of 9 new records into game -- 103 records now exist in table

-- INFO - 16:54:20--03-15-2025:
-- -- Committed insert of 193 new records into player_box -- 2171 records now exist in table

-- INFO - 16:54:20--03-15-2025:
-- -- Committed insert of 193 new records into player_shooting -- 2171 records now exist in table

-- INFO - 16:54:20--03-15-2025:
-- -- Committed insert of 18 new records into team_box -- 206 records now exist in table

-- INFO - 16:54:20--03-15-2025:
-- -- Committed insert of 18 new records into team_shooting -- 206 records now exist in table

-- INFO - 16:54:20--03-15-2025:
-- -- Committed insert of 18 new records into team_gamelog -- 206 records now exist in table

-- INFO - 16:54:23--03-15-2025:
-- -- Fetched 123 game logs from 03/01/2025

-- INFO - 16:54:23--03-15-2025:
-- -- Cleaning and transforming 123 game logs for insert

-- INFO - 16:54:24--03-15-2025:
-- -- Insert function executed successfully, but no new records were inserted into active_players

-- INFO - 16:54:24--03-15-2025:
-- -- Insert function executed successfully, but no new records were inserted into active_teams

-- INFO - 16:54:24--03-15-2025:
-- -- Committed insert of 6 new records into game -- 109 records now exist in table

-- INFO - 16:54:24--03-15-2025:
-- -- Committed insert of 123 new records into player_box -- 2294 records now exist in table

-- INFO - 16:54:24--03-15-2025:
-- -- Committed insert of 123 new records into player_shooting -- 2294 records now exist in table

-- INFO - 16:54:24--03-15-2025:
-- -- Committed insert of 12 new records into team_box -- 218 records now exist in table

-- INFO - 16:54:24--03-15-2025:
-- -- Committed insert of 12 new records into team_shooting -- 218 records now exist in table

-- INFO - 16:54:24--03-15-2025:
-- -- Committed insert of 12 new records into team_gamelog -- 218 records now exist in table

-- INFO - 16:54:28--03-15-2025:
-- -- Fetched 211 game logs from 02/28/2025

-- INFO - 16:54:28--03-15-2025:
-- -- Cleaning and transforming 211 game logs for insert

-- INFO - 16:54:28--03-15-2025:
-- -- Insert function executed successfully, but no new records were inserted into active_players

-- INFO - 16:54:29--03-15-2025:
-- -- Insert function executed successfully, but no new records were inserted into active_teams

-- INFO - 16:54:29--03-15-2025:
-- -- Committed insert of 10 new records into game -- 119 records now exist in table

-- INFO - 16:54:29--03-15-2025:
-- -- Committed insert of 211 new records into player_box -- 2505 records now exist in table

-- INFO - 16:54:29--03-15-2025:
-- -- Committed insert of 211 new records into player_shooting -- 2505 records now exist in table

-- INFO - 16:54:29--03-15-2025:
-- -- Committed insert of 20 new records into team_box -- 238 records now exist in table

-- INFO - 16:54:29--03-15-2025:
-- -- Committed insert of 20 new records into team_shooting -- 238 records now exist in table

-- INFO - 16:54:29--03-15-2025:
-- -- Committed insert of 20 new records into team_gamelog -- 238 records now exist in table

-- INFO - 16:54:33--03-15-2025:
-- -- Fetched 100 game logs from 02/27/2025

-- INFO - 16:54:33--03-15-2025:
-- -- Cleaning and transforming 100 game logs for insert

-- INFO - 16:54:33--03-15-2025:
-- -- Insert function executed successfully, but no new records were inserted into active_players

-- INFO - 16:54:33--03-15-2025:
-- -- Insert function executed successfully, but no new records were inserted into active_teams

-- INFO - 16:54:33--03-15-2025:
-- -- Committed insert of 5 new records into game -- 124 records now exist in table

-- INFO - 16:54:33--03-15-2025:
-- -- Committed insert of 100 new records into player_box -- 2605 records now exist in table

-- INFO - 16:54:33--03-15-2025:
-- -- Committed insert of 100 new records into player_shooting -- 2605 records now exist in table

-- INFO - 16:54:33--03-15-2025:
-- -- Committed insert of 10 new records into team_box -- 248 records now exist in table

-- INFO - 16:54:33--03-15-2025:
-- -- Committed insert of 10 new records into team_shooting -- 248 records now exist in table

-- INFO - 16:54:33--03-15-2025:
-- -- Committed insert of 10 new records into team_gamelog -- 248 records now exist in table

-- INFO - 16:54:37--03-15-2025:
-- -- Fetched 191 game logs from 02/26/2025

-- INFO - 16:54:37--03-15-2025:
-- -- Cleaning and transforming 191 game logs for insert

-- INFO - 16:54:37--03-15-2025:
-- -- Insert function executed successfully, but no new records were inserted into active_players

-- INFO - 16:54:37--03-15-2025:
-- -- Insert function executed successfully, but no new records were inserted into active_teams

-- INFO - 16:54:37--03-15-2025:
-- -- Committed insert of 9 new records into game -- 133 records now exist in table

-- INFO - 16:54:38--03-15-2025:
-- -- Committed insert of 191 new records into player_box -- 2796 records now exist in table

-- INFO - 16:54:38--03-15-2025:
-- -- Committed insert of 191 new records into player_shooting -- 2796 records now exist in table

-- INFO - 16:54:38--03-15-2025:
-- -- Committed insert of 18 new records into team_box -- 266 records now exist in table

-- INFO - 16:54:38--03-15-2025:
-- -- Committed insert of 18 new records into team_shooting -- 266 records now exist in table

-- INFO - 16:54:38--03-15-2025:
-- -- Committed insert of 18 new records into team_gamelog -- 266 records now exist in table

-- INFO - 16:54:41--03-15-2025:
-- -- Fetched 151 game logs from 02/25/2025

-- INFO - 16:54:41--03-15-2025:
-- -- Cleaning and transforming 151 game logs for insert

-- INFO - 16:54:42--03-15-2025:
-- -- Committed insert of 2 new records into active_players -- 604 records now exist in table

-- INFO - 16:54:42--03-15-2025:
-- -- Insert function executed successfully, but no new records were inserted into active_teams

-- INFO - 16:54:42--03-15-2025:
-- -- Committed insert of 7 new records into game -- 140 records now exist in table

-- INFO - 16:54:42--03-15-2025:
-- -- Committed insert of 151 new records into player_box -- 2947 records now exist in table

-- INFO - 16:54:42--03-15-2025:
-- -- Committed insert of 151 new records into player_shooting -- 2947 records now exist in table

-- INFO - 16:54:42--03-15-2025:
-- -- Committed insert of 14 new records into team_box -- 280 records now exist in table

-- INFO - 16:54:43--03-15-2025:
-- -- Committed insert of 14 new records into team_shooting -- 280 records now exist in table

-- INFO - 16:54:43--03-15-2025:
-- -- Committed insert of 14 new records into team_gamelog -- 280 records now exist in table

-- INFO - 16:54:46--03-15-2025:
-- -- Fetched 163 game logs from 02/24/2025

-- INFO - 16:54:46--03-15-2025:
-- -- Cleaning and transforming 163 game logs for insert

-- INFO - 16:54:46--03-15-2025:
-- -- Insert function executed successfully, but no new records were inserted into active_players

-- INFO - 16:54:46--03-15-2025:
-- -- Insert function executed successfully, but no new records were inserted into active_teams

-- INFO - 16:54:46--03-15-2025:
-- -- Committed insert of 8 new records into game -- 148 records now exist in table

-- INFO - 16:54:47--03-15-2025:
-- -- Committed insert of 163 new records into player_box -- 3110 records now exist in table

-- INFO - 16:54:47--03-15-2025:
-- -- Committed insert of 163 new records into player_shooting -- 3110 records now exist in table

-- INFO - 16:54:47--03-15-2025:
-- -- Committed insert of 16 new records into team_box -- 296 records now exist in table

-- INFO - 16:54:47--03-15-2025:
-- -- Committed insert of 16 new records into team_shooting -- 296 records now exist in table

-- INFO - 16:54:47--03-15-2025:
-- -- Committed insert of 16 new records into team_gamelog -- 296 records now exist in table

-- INFO - 16:54:50--03-15-2025:
-- -- Fetched 223 game logs from 02/23/2025

-- INFO - 16:54:50--03-15-2025:
-- -- Cleaning and transforming 223 game logs for insert

-- INFO - 16:54:51--03-15-2025:
-- -- Committed insert of 2 new records into active_players -- 606 records now exist in table

-- INFO - 16:54:51--03-15-2025:
-- -- Insert function executed successfully, but no new records were inserted into active_teams

-- INFO - 16:54:51--03-15-2025:
-- -- Committed insert of 10 new records into game -- 158 records now exist in table

-- INFO - 16:54:52--03-15-2025:
-- -- Committed insert of 223 new records into player_box -- 3333 records now exist in table

-- INFO - 16:54:52--03-15-2025:
-- -- Committed insert of 223 new records into player_shooting -- 3333 records now exist in table

-- INFO - 16:54:52--03-15-2025:
-- -- Committed insert of 20 new records into team_box -- 316 records now exist in table

-- INFO - 16:54:52--03-15-2025:
-- -- Committed insert of 20 new records into team_shooting -- 316 records now exist in table

-- INFO - 16:54:52--03-15-2025:
-- -- Committed insert of 20 new records into team_gamelog -- 316 records now exist in table

-- INFO - 16:54:55--03-15-2025:
-- -- Fetched 108 game logs from 02/22/2025

-- INFO - 16:54:55--03-15-2025:
-- -- Cleaning and transforming 108 game logs for insert

-- INFO - 16:54:56--03-15-2025:
-- -- Insert function executed successfully, but no new records were inserted into active_players

-- INFO - 16:54:56--03-15-2025:
-- -- Insert function executed successfully, but no new records were inserted into active_teams

-- INFO - 16:54:56--03-15-2025:
-- -- Committed insert of 5 new records into game -- 163 records now exist in table

-- INFO - 16:54:56--03-15-2025:
-- -- Committed insert of 108 new records into player_box -- 3441 records now exist in table

-- INFO - 16:54:56--03-15-2025:
-- -- Committed insert of 108 new records into player_shooting -- 3441 records now exist in table

-- INFO - 16:54:56--03-15-2025:
-- -- Committed insert of 10 new records into team_box -- 326 records now exist in table

-- INFO - 16:54:56--03-15-2025:
-- -- Committed insert of 10 new records into team_shooting -- 326 records now exist in table

-- INFO - 16:54:56--03-15-2025:
-- -- Committed insert of 10 new records into team_gamelog -- 326 records now exist in table

-- INFO - 16:55:17--03-15-2025:
-- -- Fetched 203 game logs from 02/21/2025

-- INFO - 16:55:17--03-15-2025:
-- -- Cleaning and transforming 203 game logs for insert

-- INFO - 16:55:17--03-15-2025:
-- -- Insert function executed successfully, but no new records were inserted into active_players

-- INFO - 16:55:17--03-15-2025:
-- -- Insert function executed successfully, but no new records were inserted into active_teams

-- INFO - 16:55:17--03-15-2025:
-- -- Committed insert of 9 new records into game -- 172 records now exist in table

-- INFO - 16:55:18--03-15-2025:
-- -- Committed insert of 203 new records into player_box -- 3644 records now exist in table

-- INFO - 16:55:18--03-15-2025:
-- -- Committed insert of 203 new records into player_shooting -- 3644 records now exist in table

-- INFO - 16:55:18--03-15-2025:
-- -- Committed insert of 18 new records into team_box -- 344 records now exist in table

-- INFO - 16:55:18--03-15-2025:
-- -- Committed insert of 18 new records into team_shooting -- 344 records now exist in table

-- INFO - 16:55:18--03-15-2025:
-- -- Committed insert of 18 new records into team_gamelog -- 344 records now exist in table

-- INFO - 16:55:22--03-15-2025:
-- -- Fetched 192 game logs from 02/20/2025

-- INFO - 16:55:22--03-15-2025:
-- -- Cleaning and transforming 192 game logs for insert

-- INFO - 16:55:22--03-15-2025:
-- -- Insert function executed successfully, but no new records were inserted into active_players

-- INFO - 16:55:22--03-15-2025:
-- -- Insert function executed successfully, but no new records were inserted into active_teams

-- INFO - 16:55:22--03-15-2025:
-- -- Committed insert of 9 new records into game -- 181 records now exist in table

-- INFO - 16:55:23--03-15-2025:
-- -- Committed insert of 192 new records into player_box -- 3836 records now exist in table

-- INFO - 16:55:23--03-15-2025:
-- -- Committed insert of 192 new records into player_shooting -- 3836 records now exist in table

-- INFO - 16:55:23--03-15-2025:
-- -- Committed insert of 18 new records into team_box -- 362 records now exist in table

-- INFO - 16:55:23--03-15-2025:
-- -- Committed insert of 18 new records into team_shooting -- 362 records now exist in table

-- INFO - 16:55:23--03-15-2025:
-- -- Committed insert of 18 new records into team_gamelog -- 362 records now exist in table

-- INFO - 16:55:26--03-15-2025:
-- -- Fetched 20 game logs from 02/19/2025

-- INFO - 16:55:26--03-15-2025:
-- -- Cleaning and transforming 20 game logs for insert

-- INFO - 16:55:26--03-15-2025:
-- -- Insert function executed successfully, but no new records were inserted into active_players

-- INFO - 16:55:26--03-15-2025:
-- -- Insert function executed successfully, but no new records were inserted into active_teams

-- INFO - 16:55:26--03-15-2025:
-- -- Committed insert of 1 new records into game -- 182 records now exist in table

-- INFO - 16:55:26--03-15-2025:
-- -- Committed insert of 20 new records into player_box -- 3856 records now exist in table

-- INFO - 16:55:26--03-15-2025:
-- -- Committed insert of 20 new records into player_shooting -- 3856 records now exist in table

-- INFO - 16:55:26--03-15-2025:
-- -- Committed insert of 2 new records into team_box -- 364 records now exist in table

-- INFO - 16:55:26--03-15-2025:
-- -- Committed insert of 2 new records into team_shooting -- 364 records now exist in table

-- INFO - 16:55:26--03-15-2025:
-- -- Committed insert of 2 new records into team_gamelog -- 364 records now exist in table

-- INFO - 16:55:30--03-15-2025:
-- -- Fetched 0 game logs from 02/18/2025

-- INFO - 16:55:30--03-15-2025:
-- -- Cleaning and transforming 0 game logs for insert

