-- INFO - 17:50:37--03-15-2025:
-- -- LOG STARTED ======================================================

-- INFO - 17:50:38--03-15-2025:
-- -- Fetched 100 game logs from 10/24/2024

-- INFO - 17:50:38--03-15-2025:
-- -- Cleaning and transforming 100 game logs for insert

-- INFO - 17:50:38--03-15-2025:
-- -- Insert function executed successfully, but no new records were inserted into active_players

-- INFO - 17:50:38--03-15-2025:
-- -- Insert function executed successfully, but no new records were inserted into active_teams

-- INFO - 17:50:38--03-15-2025:
-- -- Committed insert of 4 new records into game -- 991 records now exist in table

-- INFO - 17:50:38--03-15-2025:
-- -- Committed insert of 100 new records into player_box -- 21244 records now exist in table

-- INFO - 17:50:38--03-15-2025:
-- -- Committed insert of 100 new records into player_shooting -- 21244 records now exist in table

-- INFO - 17:50:38--03-15-2025:
-- -- Committed insert of 8 new records into team_box -- 1982 records now exist in table

-- INFO - 17:50:38--03-15-2025:
-- -- Committed insert of 8 new records into team_shooting -- 1994 records now exist in table

-- INFO - 17:50:38--03-15-2025:
-- -- Committed insert of 8 new records into team_gamelog -- 1982 records now exist in table

-- INFO - 17:50:38--03-15-2025:
-- -- ETL complete for 10/24/2024

-- INFO - 17:50:38--03-15-2025:
-- -- LOG COMPLETE =======================================================

