-- INFO - 17:50:23--03-15-2025:
-- -- LOG STARTED ======================================================

-- INFO - 17:50:24--03-15-2025:
-- -- Fetched 42 game logs from 10/22/2024

-- INFO - 17:50:24--03-15-2025:
-- -- Cleaning and transforming 42 game logs for insert

-- INFO - 17:50:24--03-15-2025:
-- -- Insert function executed successfully, but no new records were inserted into active_players

-- INFO - 17:50:24--03-15-2025:
-- -- Insert function executed successfully, but no new records were inserted into active_teams

-- INFO - 17:50:24--03-15-2025:
-- -- Committed insert of 2 new records into game -- 987 records now exist in table

-- INFO - 17:50:24--03-15-2025:
-- -- Committed insert of 42 new records into player_box -- 21144 records now exist in table

-- INFO - 17:50:24--03-15-2025:
-- -- Committed insert of 42 new records into player_shooting -- 21144 records now exist in table

-- INFO - 17:50:24--03-15-2025:
-- -- Committed insert of 4 new records into team_box -- 1974 records now exist in table

-- INFO - 17:50:24--03-15-2025:
-- -- Committed insert of 4 new records into team_shooting -- 1986 records now exist in table

-- INFO - 17:50:24--03-15-2025:
-- -- Committed insert of 4 new records into team_gamelog -- 1974 records now exist in table

-- INFO - 17:50:24--03-15-2025:
-- -- ETL complete for 10/22/2024

-- INFO - 17:50:24--03-15-2025:
-- -- LOG COMPLETE =======================================================

