-- DEBUG - 16:12:22--03-15-2025:
-- -- Starting new HTTPS connection (1): stats.nba.com:443

-- DEBUG - 16:12:22--03-15-2025:
-- -- https://stats.nba.com:443 "GET /stats/leaguegamefinder?Conference=&DateFrom=03%2F14%2F2025&DateTo=03%2F14%2F2025&Division=&DraftNumber=&DraftRound=&DraftTeamID=&DraftYear=&EqAST=&EqBLK=&EqDD=&EqDREB=&EqFG3A=&EqFG3M=&EqFG3_PCT=&EqFGA=&EqFGM=&EqFG_PCT=&EqFTA=&EqFTM=&EqFT_PCT=&EqMINUTES=&EqOREB=&EqPF=&EqPTS=&EqREB=&EqSTL=&EqTD=&EqTOV=&GameID=&GtAST=&GtBLK=&GtDD=&GtDREB=&GtFG3A=&GtFG3M=&GtFG3_PCT=&GtFGA=&GtFGM=&GtFG_PCT=&GtFTA=&GtFTM=&GtFT_PCT=&GtMINUTES=&GtOREB=&GtPF=&GtPTS=&GtREB=&GtSTL=&GtTD=&GtTOV=&LeagueID=00&Location=&LtAST=&LtBLK=&LtDD=&LtDREB=&LtFG3A=&LtFG3M=&LtFG3_PCT=&LtFGA=&LtFGM=&LtFG_PCT=&LtFTA=&LtFTM=&LtFT_PCT=&LtMINUTES=&LtOREB=&LtPF=&LtPTS=&LtREB=&LtSTL=&LtTD=&LtTOV=&Outcome=&PORound=&PlayerID=&PlayerOrTeam=P&RookieYear=&Season=&SeasonSegment=&SeasonType=&StarterBench=&TeamID=&VsConference=&VsDivision=&VsTeamID=&YearsExperience= HTTP/1.1" 200 9061

-- INFO - 16:12:22--03-15-2025:
-- -- Fetched 216 game logs from 03/14/2025

-- INFO - 16:12:22--03-15-2025:
-- -- Cleaning and transforming 216 game logs for insert

-- DEBUG - 16:12:22--03-15-2025:
-- -- Insert statement generated: insert ignore into active_players (player_id, player_name, team_id) values (%s, %s, %s);

-- DEBUG - 16:12:22--03-15-2025:
-- -- Database connection successful: <mariadb.connection connected to 'pi-jdeto' at 0000016EE7CE4B90>

-- DEBUG - 16:12:22--03-15-2025:
-- -- Records in active_players before insert: 601

-- DEBUG - 16:12:22--03-15-2025:
-- -- Inserts executed successfully!

-- INFO - 16:12:22--03-15-2025:
-- -- Insert function executed successfully, but no new records were inserted into active_players

-- DEBUG - 16:12:22--03-15-2025:
-- -- Database connection closed

-- DEBUG - 16:12:22--03-15-2025:
-- -- Insert statement generated: insert ignore into active_teams (team_id, team, team_name) values (%s, %s, %s);

-- DEBUG - 16:12:22--03-15-2025:
-- -- Database connection successful: <mariadb.connection connected to 'pi-jdeto' at 0000016EE7CE7890>

-- DEBUG - 16:12:22--03-15-2025:
-- -- Records in active_teams before insert: 30

-- DEBUG - 16:12:22--03-15-2025:
-- -- Inserts executed successfully!

-- INFO - 16:12:22--03-15-2025:
-- -- Insert function executed successfully, but no new records were inserted into active_teams

-- DEBUG - 16:12:22--03-15-2025:
-- -- Database connection closed

-- DEBUG - 16:12:22--03-15-2025:
-- -- Insert statement generated: insert ignore into game (game_id, season_id, game_date, matchup, game_type, ot_ind, final_score) values (%s, %s, %s, %s, %s, %s, %s);

-- DEBUG - 16:12:22--03-15-2025:
-- -- Database connection successful: <mariadb.connection connected to 'pi-jdeto' at 0000016EE7CE4B90>

-- DEBUG - 16:12:22--03-15-2025:
-- -- Records in game before insert: 65

-- DEBUG - 16:12:22--03-15-2025:
-- -- Inserts executed successfully!

-- INFO - 16:12:22--03-15-2025:
-- -- Insert function executed successfully, but no new records were inserted into game

-- DEBUG - 16:12:22--03-15-2025:
-- -- Database connection closed

-- DEBUG - 16:12:22--03-15-2025:
-- -- Insert statement generated: insert ignore into player_box (game_id, player_id, team_id, mins, pts, ast, reb, stl, blk, oreb, dreb, tov, pf) values (%s, %s, %s, %s, %s, %s, %s, %s, %s, %s, %s, %s, %s);

-- DEBUG - 16:12:22--03-15-2025:
-- -- Database connection successful: <mariadb.connection connected to 'pi-jdeto' at 0000016EE7CE7890>

-- DEBUG - 16:12:22--03-15-2025:
-- -- Records in player_box before insert: 1356

-- DEBUG - 16:12:23--03-15-2025:
-- -- Inserts executed successfully!

-- INFO - 16:12:23--03-15-2025:
-- -- Insert function executed successfully, but no new records were inserted into player_box

-- DEBUG - 16:12:23--03-15-2025:
-- -- Database connection closed

-- DEBUG - 16:12:23--03-15-2025:
-- -- Insert statement generated: insert ignore into player_shooting (game_id, player_id, team_id, fgm, fga, fg3m, fg3a, ftm, fta, fg_pct, fg3_pct, ft_pct) values (%s, %s, %s, %s, %s, %s, %s, %s, %s, %s, %s, %s);

-- DEBUG - 16:12:23--03-15-2025:
-- -- Database connection successful: <mariadb.connection connected to 'pi-jdeto' at 0000016EE7CE4B90>

-- DEBUG - 16:12:23--03-15-2025:
-- -- Records in player_shooting before insert: 216

-- DEBUG - 16:12:23--03-15-2025:
-- -- Inserts executed successfully!

-- INFO - 16:12:23--03-15-2025:
-- -- Insert function executed successfully, but no new records were inserted into player_shooting

-- DEBUG - 16:12:23--03-15-2025:
-- -- Database connection closed

-- DEBUG - 16:12:23--03-15-2025:
-- -- Insert statement generated: insert ignore into team_box (game_id, team_id, mins, pts, ast, reb, stl, blk, oreb, dreb, tov, pf) values (%s, %s, %s, %s, %s, %s, %s, %s, %s, %s, %s, %s);

-- DEBUG - 16:12:23--03-15-2025:
-- -- Database connection successful: <mariadb.connection connected to 'pi-jdeto' at 0000016EE7CE7890>

-- DEBUG - 16:12:23--03-15-2025:
-- -- Records in team_box before insert: 20

-- DEBUG - 16:12:23--03-15-2025:
-- -- Inserts executed successfully!

-- INFO - 16:12:23--03-15-2025:
-- -- Insert function executed successfully, but no new records were inserted into team_box

-- DEBUG - 16:12:23--03-15-2025:
-- -- Database connection closed

-- DEBUG - 16:12:23--03-15-2025:
-- -- Insert statement generated: insert ignore into team_shooting (game_id, team_id, fgm, fga, fg3m, fg3a, ftm, fta, fg_pct, fg3_pct, ft_pct) values (%s, %s, %s, %s, %s, %s, %s, %s, %s, %s, %s);

-- DEBUG - 16:12:23--03-15-2025:
-- -- Database connection successful: <mariadb.connection connected to 'pi-jdeto' at 0000016EE7CE4B90>

-- DEBUG - 16:12:23--03-15-2025:
-- -- Records in team_shooting before insert: 20

-- DEBUG - 16:12:23--03-15-2025:
-- -- Inserts executed successfully!

-- INFO - 16:12:23--03-15-2025:
-- -- Insert function executed successfully, but no new records were inserted into team_shooting

-- DEBUG - 16:12:23--03-15-2025:
-- -- Database connection closed

-- DEBUG - 16:12:23--03-15-2025:
-- -- Insert statement generated: insert ignore into team_gamelog (game_id, team_id, win_ind, home_ind) values (%s, %s, %s, %s);

-- DEBUG - 16:12:23--03-15-2025:
-- -- Database connection successful: <mariadb.connection connected to 'pi-jdeto' at 0000016EE7CE7890>

-- DEBUG - 16:12:23--03-15-2025:
-- -- Records in team_gamelog before insert: 20

-- DEBUG - 16:12:23--03-15-2025:
-- -- Inserts executed successfully!

-- INFO - 16:12:23--03-15-2025:
-- -- Insert function executed successfully, but no new records were inserted into team_gamelog

-- DEBUG - 16:12:23--03-15-2025:
-- -- Database connection closed

-- DEBUG - 16:12:27--03-15-2025:
-- -- https://stats.nba.com:443 "GET /stats/leaguegamefinder?Conference=&DateFrom=03%2F13%2F2025&DateTo=03%2F13%2F2025&Division=&DraftNumber=&DraftRound=&DraftTeamID=&DraftYear=&EqAST=&EqBLK=&EqDD=&EqDREB=&EqFG3A=&EqFG3M=&EqFG3_PCT=&EqFGA=&EqFGM=&EqFG_PCT=&EqFTA=&EqFTM=&EqFT_PCT=&EqMINUTES=&EqOREB=&EqPF=&EqPTS=&EqREB=&EqSTL=&EqTD=&EqTOV=&GameID=&GtAST=&GtBLK=&GtDD=&GtDREB=&GtFG3A=&GtFG3M=&GtFG3_PCT=&GtFGA=&GtFGM=&GtFG_PCT=&GtFTA=&GtFTM=&GtFT_PCT=&GtMINUTES=&GtOREB=&GtPF=&GtPTS=&GtREB=&GtSTL=&GtTD=&GtTOV=&LeagueID=00&Location=&LtAST=&LtBLK=&LtDD=&LtDREB=&LtFG3A=&LtFG3M=&LtFG3_PCT=&LtFGA=&LtFGM=&LtFG_PCT=&LtFTA=&LtFTM=&LtFT_PCT=&LtMINUTES=&LtOREB=&LtPF=&LtPTS=&LtREB=&LtSTL=&LtTD=&LtTOV=&Outcome=&PORound=&PlayerID=&PlayerOrTeam=P&RookieYear=&Season=&SeasonSegment=&SeasonType=&StarterBench=&TeamID=&VsConference=&VsDivision=&VsTeamID=&YearsExperience= HTTP/1.1" 200 5070

-- INFO - 16:12:27--03-15-2025:
-- -- Fetched 112 game logs from 03/13/2025

-- INFO - 16:12:27--03-15-2025:
-- -- Cleaning and transforming 112 game logs for insert

-- DEBUG - 16:12:27--03-15-2025:
-- -- Insert statement generated: insert ignore into active_players (player_id, player_name, team_id) values (%s, %s, %s);

-- DEBUG - 16:12:27--03-15-2025:
-- -- Database connection successful: <mariadb.connection connected to 'pi-jdeto' at 0000016EE7CE7610>

-- DEBUG - 16:12:27--03-15-2025:
-- -- Records in active_players before insert: 601

-- DEBUG - 16:12:27--03-15-2025:
-- -- Inserts executed successfully!

-- INFO - 16:12:27--03-15-2025:
-- -- Committed insert of 1 new records into active_players -- 602 records now exist in table

-- DEBUG - 16:12:27--03-15-2025:
-- -- Database connection closed

-- DEBUG - 16:12:27--03-15-2025:
-- -- Insert statement generated: insert ignore into active_teams (team_id, team, team_name) values (%s, %s, %s);

-- DEBUG - 16:12:27--03-15-2025:
-- -- Database connection successful: <mariadb.connection connected to 'pi-jdeto' at 0000016EE7CE74D0>

-- DEBUG - 16:12:27--03-15-2025:
-- -- Records in active_teams before insert: 30

-- DEBUG - 16:12:27--03-15-2025:
-- -- Inserts executed successfully!

-- INFO - 16:12:27--03-15-2025:
-- -- Insert function executed successfully, but no new records were inserted into active_teams

-- DEBUG - 16:12:27--03-15-2025:
-- -- Database connection closed

-- DEBUG - 16:12:27--03-15-2025:
-- -- Insert statement generated: insert ignore into game (game_id, season_id, game_date, matchup, game_type, ot_ind, final_score) values (%s, %s, %s, %s, %s, %s, %s);

-- DEBUG - 16:12:27--03-15-2025:
-- -- Database connection successful: <mariadb.connection connected to 'pi-jdeto' at 0000016EE7CE7610>

-- DEBUG - 16:12:27--03-15-2025:
-- -- Records in game before insert: 65

-- DEBUG - 16:12:27--03-15-2025:
-- -- Inserts executed successfully!

-- INFO - 16:12:27--03-15-2025:
-- -- Committed insert of 5 new records into game -- 70 records now exist in table

-- DEBUG - 16:12:27--03-15-2025:
-- -- Database connection closed

-- DEBUG - 16:12:27--03-15-2025:
-- -- Insert statement generated: insert ignore into player_box (game_id, player_id, team_id, mins, pts, ast, reb, stl, blk, oreb, dreb, tov, pf) values (%s, %s, %s, %s, %s, %s, %s, %s, %s, %s, %s, %s, %s);

-- DEBUG - 16:12:27--03-15-2025:
-- -- Database connection successful: <mariadb.connection connected to 'pi-jdeto' at 0000016EE7CE74D0>

-- DEBUG - 16:12:27--03-15-2025:
-- -- Records in player_box before insert: 1356

-- DEBUG - 16:12:28--03-15-2025:
-- -- Inserts executed successfully!

-- INFO - 16:12:28--03-15-2025:
-- -- Committed insert of 112 new records into player_box -- 1468 records now exist in table

-- DEBUG - 16:12:28--03-15-2025:
-- -- Database connection closed

-- DEBUG - 16:12:28--03-15-2025:
-- -- Insert statement generated: insert ignore into player_shooting (game_id, player_id, team_id, fgm, fga, fg3m, fg3a, ftm, fta, fg_pct, fg3_pct, ft_pct) values (%s, %s, %s, %s, %s, %s, %s, %s, %s, %s, %s, %s);

-- DEBUG - 16:12:28--03-15-2025:
-- -- Database connection successful: <mariadb.connection connected to 'pi-jdeto' at 0000016EE7CE7610>

-- DEBUG - 16:12:28--03-15-2025:
-- -- Records in player_shooting before insert: 216

-- DEBUG - 16:12:28--03-15-2025:
-- -- Inserts executed successfully!

-- INFO - 16:12:28--03-15-2025:
-- -- Committed insert of 112 new records into player_shooting -- 328 records now exist in table

-- DEBUG - 16:12:28--03-15-2025:
-- -- Database connection closed

-- DEBUG - 16:12:28--03-15-2025:
-- -- Insert statement generated: insert ignore into team_box (game_id, team_id, mins, pts, ast, reb, stl, blk, oreb, dreb, tov, pf) values (%s, %s, %s, %s, %s, %s, %s, %s, %s, %s, %s, %s);

-- DEBUG - 16:12:28--03-15-2025:
-- -- Database connection successful: <mariadb.connection connected to 'pi-jdeto' at 0000016EE7CE74D0>

-- DEBUG - 16:12:28--03-15-2025:
-- -- Records in team_box before insert: 20

-- DEBUG - 16:12:28--03-15-2025:
-- -- Inserts executed successfully!

-- INFO - 16:12:28--03-15-2025:
-- -- Committed insert of 10 new records into team_box -- 30 records now exist in table

-- DEBUG - 16:12:28--03-15-2025:
-- -- Database connection closed

-- DEBUG - 16:12:28--03-15-2025:
-- -- Insert statement generated: insert ignore into team_shooting (game_id, team_id, fgm, fga, fg3m, fg3a, ftm, fta, fg_pct, fg3_pct, ft_pct) values (%s, %s, %s, %s, %s, %s, %s, %s, %s, %s, %s);

-- DEBUG - 16:12:28--03-15-2025:
-- -- Database connection successful: <mariadb.connection connected to 'pi-jdeto' at 0000016EE7CE7610>

-- DEBUG - 16:12:28--03-15-2025:
-- -- Records in team_shooting before insert: 20

-- DEBUG - 16:12:28--03-15-2025:
-- -- Inserts executed successfully!

-- INFO - 16:12:28--03-15-2025:
-- -- Committed insert of 10 new records into team_shooting -- 30 records now exist in table

-- DEBUG - 16:12:28--03-15-2025:
-- -- Database connection closed

-- DEBUG - 16:12:28--03-15-2025:
-- -- Insert statement generated: insert ignore into team_gamelog (game_id, team_id, win_ind, home_ind) values (%s, %s, %s, %s);

-- DEBUG - 16:12:28--03-15-2025:
-- -- Database connection successful: <mariadb.connection connected to 'pi-jdeto' at 0000016EE7CE74D0>

-- DEBUG - 16:12:28--03-15-2025:
-- -- Records in team_gamelog before insert: 20

-- DEBUG - 16:12:28--03-15-2025:
-- -- Inserts executed successfully!

-- INFO - 16:12:28--03-15-2025:
-- -- Committed insert of 10 new records into team_gamelog -- 30 records now exist in table

-- DEBUG - 16:12:28--03-15-2025:
-- -- Database connection closed

-- DEBUG - 16:12:31--03-15-2025:
-- -- https://stats.nba.com:443 "GET /stats/leaguegamefinder?Conference=&DateFrom=03%2F12%2F2025&DateTo=03%2F12%2F2025&Division=&DraftNumber=&DraftRound=&DraftTeamID=&DraftYear=&EqAST=&EqBLK=&EqDD=&EqDREB=&EqFG3A=&EqFG3M=&EqFG3_PCT=&EqFGA=&EqFGM=&EqFG_PCT=&EqFTA=&EqFTM=&EqFT_PCT=&EqMINUTES=&EqOREB=&EqPF=&EqPTS=&EqREB=&EqSTL=&EqTD=&EqTOV=&GameID=&GtAST=&GtBLK=&GtDD=&GtDREB=&GtFG3A=&GtFG3M=&GtFG3_PCT=&GtFGA=&GtFGM=&GtFG_PCT=&GtFTA=&GtFTM=&GtFT_PCT=&GtMINUTES=&GtOREB=&GtPF=&GtPTS=&GtREB=&GtSTL=&GtTD=&GtTOV=&LeagueID=00&Location=&LtAST=&LtBLK=&LtDD=&LtDREB=&LtFG3A=&LtFG3M=&LtFG3_PCT=&LtFGA=&LtFGM=&LtFG_PCT=&LtFTA=&LtFTM=&LtFT_PCT=&LtMINUTES=&LtOREB=&LtPF=&LtPTS=&LtREB=&LtSTL=&LtTD=&LtTOV=&Outcome=&PORound=&PlayerID=&PlayerOrTeam=P&RookieYear=&Season=&SeasonSegment=&SeasonType=&StarterBench=&TeamID=&VsConference=&VsDivision=&VsTeamID=&YearsExperience= HTTP/1.1" 200 8081

-- INFO - 16:12:31--03-15-2025:
-- -- Fetched 187 game logs from 03/12/2025

-- INFO - 16:12:31--03-15-2025:
-- -- Cleaning and transforming 187 game logs for insert

-- DEBUG - 16:12:31--03-15-2025:
-- -- Insert statement generated: insert ignore into active_players (player_id, player_name, team_id) values (%s, %s, %s);

-- DEBUG - 16:12:31--03-15-2025:
-- -- Database connection successful: <mariadb.connection connected to 'pi-jdeto' at 0000016EE7CE79D0>

-- DEBUG - 16:12:31--03-15-2025:
-- -- Records in active_players before insert: 602

-- DEBUG - 16:12:32--03-15-2025:
-- -- Inserts executed successfully!

-- INFO - 16:12:32--03-15-2025:
-- -- Insert function executed successfully, but no new records were inserted into active_players

-- DEBUG - 16:12:32--03-15-2025:
-- -- Database connection closed

-- DEBUG - 16:12:32--03-15-2025:
-- -- Insert statement generated: insert ignore into active_teams (team_id, team, team_name) values (%s, %s, %s);

-- DEBUG - 16:12:32--03-15-2025:
-- -- Database connection successful: <mariadb.connection connected to 'pi-jdeto' at 0000016EE7CE6C10>

-- DEBUG - 16:12:32--03-15-2025:
-- -- Records in active_teams before insert: 30

-- DEBUG - 16:12:32--03-15-2025:
-- -- Inserts executed successfully!

-- INFO - 16:12:32--03-15-2025:
-- -- Insert function executed successfully, but no new records were inserted into active_teams

-- DEBUG - 16:12:32--03-15-2025:
-- -- Database connection closed

-- DEBUG - 16:12:32--03-15-2025:
-- -- Insert statement generated: insert ignore into game (game_id, season_id, game_date, matchup, game_type, ot_ind, final_score) values (%s, %s, %s, %s, %s, %s, %s);

-- DEBUG - 16:12:32--03-15-2025:
-- -- Database connection successful: <mariadb.connection connected to 'pi-jdeto' at 0000016EE7CE79D0>

-- DEBUG - 16:12:32--03-15-2025:
-- -- Records in game before insert: 70

-- DEBUG - 16:12:32--03-15-2025:
-- -- Inserts executed successfully!

-- INFO - 16:12:32--03-15-2025:
-- -- Insert function executed successfully, but no new records were inserted into game

-- DEBUG - 16:12:32--03-15-2025:
-- -- Database connection closed

-- DEBUG - 16:12:32--03-15-2025:
-- -- Insert statement generated: insert ignore into player_box (game_id, player_id, team_id, mins, pts, ast, reb, stl, blk, oreb, dreb, tov, pf) values (%s, %s, %s, %s, %s, %s, %s, %s, %s, %s, %s, %s, %s);

-- DEBUG - 16:12:32--03-15-2025:
-- -- Database connection successful: <mariadb.connection connected to 'pi-jdeto' at 0000016EE7CE6C10>

-- DEBUG - 16:12:32--03-15-2025:
-- -- Records in player_box before insert: 1468

-- DEBUG - 16:12:32--03-15-2025:
-- -- Inserts executed successfully!

-- INFO - 16:12:32--03-15-2025:
-- -- Insert function executed successfully, but no new records were inserted into player_box

-- DEBUG - 16:12:32--03-15-2025:
-- -- Database connection closed

-- DEBUG - 16:12:32--03-15-2025:
-- -- Insert statement generated: insert ignore into player_shooting (game_id, player_id, team_id, fgm, fga, fg3m, fg3a, ftm, fta, fg_pct, fg3_pct, ft_pct) values (%s, %s, %s, %s, %s, %s, %s, %s, %s, %s, %s, %s);

-- DEBUG - 16:12:32--03-15-2025:
-- -- Database connection successful: <mariadb.connection connected to 'pi-jdeto' at 0000016EE7CE79D0>

-- DEBUG - 16:12:32--03-15-2025:
-- -- Records in player_shooting before insert: 328

-- DEBUG - 16:12:33--03-15-2025:
-- -- Inserts executed successfully!

-- INFO - 16:12:33--03-15-2025:
-- -- Committed insert of 187 new records into player_shooting -- 515 records now exist in table

-- DEBUG - 16:12:33--03-15-2025:
-- -- Database connection closed

-- DEBUG - 16:12:33--03-15-2025:
-- -- Insert statement generated: insert ignore into team_box (game_id, team_id, mins, pts, ast, reb, stl, blk, oreb, dreb, tov, pf) values (%s, %s, %s, %s, %s, %s, %s, %s, %s, %s, %s, %s);

-- DEBUG - 16:12:33--03-15-2025:
-- -- Database connection successful: <mariadb.connection connected to 'pi-jdeto' at 0000016EE7CE6C10>

-- DEBUG - 16:12:33--03-15-2025:
-- -- Records in team_box before insert: 30

-- DEBUG - 16:12:33--03-15-2025:
-- -- Inserts executed successfully!

-- INFO - 16:12:33--03-15-2025:
-- -- Committed insert of 18 new records into team_box -- 48 records now exist in table

-- DEBUG - 16:12:33--03-15-2025:
-- -- Database connection closed

-- DEBUG - 16:12:33--03-15-2025:
-- -- Insert statement generated: insert ignore into team_shooting (game_id, team_id, fgm, fga, fg3m, fg3a, ftm, fta, fg_pct, fg3_pct, ft_pct) values (%s, %s, %s, %s, %s, %s, %s, %s, %s, %s, %s);

-- DEBUG - 16:12:33--03-15-2025:
-- -- Database connection successful: <mariadb.connection connected to 'pi-jdeto' at 0000016EE7CE79D0>

-- DEBUG - 16:12:33--03-15-2025:
-- -- Records in team_shooting before insert: 30

-- DEBUG - 16:12:33--03-15-2025:
-- -- Inserts executed successfully!

-- INFO - 16:12:33--03-15-2025:
-- -- Committed insert of 18 new records into team_shooting -- 48 records now exist in table

-- DEBUG - 16:12:33--03-15-2025:
-- -- Database connection closed

-- DEBUG - 16:12:33--03-15-2025:
-- -- Insert statement generated: insert ignore into team_gamelog (game_id, team_id, win_ind, home_ind) values (%s, %s, %s, %s);

-- DEBUG - 16:12:33--03-15-2025:
-- -- Database connection successful: <mariadb.connection connected to 'pi-jdeto' at 0000016EE7CE6C10>

-- DEBUG - 16:12:33--03-15-2025:
-- -- Records in team_gamelog before insert: 30

-- DEBUG - 16:12:33--03-15-2025:
-- -- Inserts executed successfully!

-- INFO - 16:12:33--03-15-2025:
-- -- Committed insert of 18 new records into team_gamelog -- 48 records now exist in table

-- DEBUG - 16:12:33--03-15-2025:
-- -- Database connection closed

